[18:06:30] [main/INFO] [GradleStart]: Extra: []
[18:06:30] [main/INFO] [GradleStart]: Setting up virtual assets in: C:\Users\Mitchell\.gradle\caches\minecraft\assets\virtual\legacy
[18:06:31] [main/INFO] [GradleStart]: Running with arguments: [--userProperties, {}, --assetsDir, C:\Users\Mitchell\.gradle\caches\minecraft\assets\virtual\legacy, --assetIndex, legacy, --accessToken, {REDACTED}, --version, 1.7.2, --tweakClass, cpw.mods.fml.common.launcher.FMLTweaker, --tweakClass, net.minecraftforge.gradle.tweakers.CoremodTweaker]
[18:06:31] [main/INFO] [LaunchWrapper]: Loading tweak class name cpw.mods.fml.common.launcher.FMLTweaker
[18:06:31] [main/INFO] [LaunchWrapper]: Using primary tweak class name cpw.mods.fml.common.launcher.FMLTweaker
[18:06:31] [main/INFO] [LaunchWrapper]: Loading tweak class name net.minecraftforge.gradle.tweakers.CoremodTweaker
[18:06:31] [main/INFO] [LaunchWrapper]: Calling tweak class cpw.mods.fml.common.launcher.FMLTweaker
[18:09:09] [main/INFO] [GradleStart]: Extra: []
[18:09:09] [main/INFO] [GradleStart]: Setting up virtual assets in: C:\Users\Mitchell\.gradle\caches\minecraft\assets\virtual\legacy
[18:09:10] [main/INFO] [GradleStart]: Running with arguments: [--userProperties, {}, --accessToken, {REDACTED}, --assetIndex, legacy, --assetsDir, C:\Users\Mitchell\.gradle\caches\minecraft\assets\virtual\legacy, --version, 1.7.2, --tweakClass, cpw.mods.fml.common.launcher.FMLTweaker, --tweakClass, net.minecraftforge.gradle.tweakers.CoremodTweaker]
[18:09:10] [main/INFO] [LaunchWrapper]: Loading tweak class name cpw.mods.fml.common.launcher.FMLTweaker
[18:09:10] [main/INFO] [LaunchWrapper]: Using primary tweak class name cpw.mods.fml.common.launcher.FMLTweaker
[18:09:10] [main/INFO] [LaunchWrapper]: Loading tweak class name net.minecraftforge.gradle.tweakers.CoremodTweaker
[18:09:10] [main/INFO] [LaunchWrapper]: Calling tweak class cpw.mods.fml.common.launcher.FMLTweaker
[18:16:12] [main/INFO] [GradleStart]: Extra: []
[18:16:12] [main/INFO] [GradleStart]: Setting up virtual assets in: C:\Users\Mitchell\.gradle\caches\minecraft\assets\virtual\legacy
[18:16:14] [main/INFO] [GradleStart]: Running with arguments: [--userProperties, {}, --accessToken, {REDACTED}, --assetIndex, legacy, --assetsDir, C:\Users\Mitchell\.gradle\caches\minecraft\assets\virtual\legacy, --version, 1.7.2, --tweakClass, cpw.mods.fml.common.launcher.FMLTweaker, --tweakClass, net.minecraftforge.gradle.tweakers.CoremodTweaker]
[18:16:14] [main/INFO] [LaunchWrapper]: Loading tweak class name cpw.mods.fml.common.launcher.FMLTweaker
[18:16:14] [main/INFO] [LaunchWrapper]: Using primary tweak class name cpw.mods.fml.common.launcher.FMLTweaker
[18:16:14] [main/INFO] [LaunchWrapper]: Loading tweak class name net.minecraftforge.gradle.tweakers.CoremodTweaker
[18:16:14] [main/INFO] [LaunchWrapper]: Calling tweak class cpw.mods.fml.common.launcher.FMLTweaker
[18:16:48] [main/INFO] [GradleStart]: Extra: []
[18:16:48] [main/INFO] [GradleStart]: Setting up virtual assets in: C:\Users\Mitchell\.gradle\caches\minecraft\assets\virtual\legacy
[18:16:50] [main/INFO] [GradleStart]: Running with arguments: [--userProperties, {}, --accessToken, {REDACTED}, --assetIndex, legacy, --assetsDir, C:\Users\Mitchell\.gradle\caches\minecraft\assets\virtual\legacy, --version, 1.7.2, --tweakClass, cpw.mods.fml.common.launcher.FMLTweaker, --tweakClass, net.minecraftforge.gradle.tweakers.CoremodTweaker]
[18:16:50] [main/INFO] [LaunchWrapper]: Loading tweak class name cpw.mods.fml.common.launcher.FMLTweaker
[18:16:50] [main/INFO] [LaunchWrapper]: Using primary tweak class name cpw.mods.fml.common.launcher.FMLTweaker
[18:16:50] [main/INFO] [LaunchWrapper]: Loading tweak class name net.minecraftforge.gradle.tweakers.CoremodTweaker
[18:16:50] [main/INFO] [LaunchWrapper]: Calling tweak class cpw.mods.fml.common.launcher.FMLTweaker
[18:17:46] [main/INFO] [GradleStart]: Extra: []
[18:17:46] [main/INFO] [GradleStart]: Setting up virtual assets in: C:\Users\Mitchell\.gradle\caches\minecraft\assets\virtual\legacy
[18:17:48] [main/INFO] [GradleStart]: Running with arguments: [--userProperties, {}, --accessToken, {REDACTED}, --assetIndex, legacy, --assetsDir, C:\Users\Mitchell\.gradle\caches\minecraft\assets\virtual\legacy, --version, 1.7.2, --tweakClass, cpw.mods.fml.common.launcher.FMLTweaker, --tweakClass, net.minecraftforge.gradle.tweakers.CoremodTweaker]
[18:17:48] [main/INFO] [LaunchWrapper]: Loading tweak class name cpw.mods.fml.common.launcher.FMLTweaker
[18:17:48] [main/INFO] [LaunchWrapper]: Using primary tweak class name cpw.mods.fml.common.launcher.FMLTweaker
[18:17:48] [main/INFO] [LaunchWrapper]: Loading tweak class name net.minecraftforge.gradle.tweakers.CoremodTweaker
[18:17:48] [main/INFO] [LaunchWrapper]: Calling tweak class cpw.mods.fml.common.launcher.FMLTweaker
[18:21:22] [main/INFO] [GradleStart]: Extra: []
[18:21:22] [main/INFO] [GradleStart]: Setting up virtual assets in: C:\Users\Mitchell\.gradle\caches\minecraft\assets\virtual\legacy
[18:21:23] [main/INFO] [GradleStart]: Running with arguments: [--userProperties, {}, --accessToken, {REDACTED}, --assetIndex, legacy, --assetsDir, C:\Users\Mitchell\.gradle\caches\minecraft\assets\virtual\legacy, --version, 1.7.2, --tweakClass, cpw.mods.fml.common.launcher.FMLTweaker, --tweakClass, net.minecraftforge.gradle.tweakers.CoremodTweaker]
[18:21:23] [main/INFO] [LaunchWrapper]: Loading tweak class name cpw.mods.fml.common.launcher.FMLTweaker
[18:21:23] [main/INFO] [LaunchWrapper]: Using primary tweak class name cpw.mods.fml.common.launcher.FMLTweaker
[18:21:23] [main/INFO] [LaunchWrapper]: Loading tweak class name net.minecraftforge.gradle.tweakers.CoremodTweaker
[18:21:23] [main/INFO] [LaunchWrapper]: Calling tweak class cpw.mods.fml.common.launcher.FMLTweaker
[18:55:24] [main/INFO] [GradleStart]: Extra: []
[18:55:24] [main/INFO] [GradleStart]: Setting up virtual assets in: C:\Users\Mitchell\.gradle\caches\minecraft\assets\virtual\legacy
[18:55:25] [main/INFO] [GradleStart]: Running with arguments: [--userProperties, {}, --accessToken, {REDACTED}, --assetIndex, legacy, --assetsDir, C:\Users\Mitchell\.gradle\caches\minecraft\assets\virtual\legacy, --version, 1.7.2, --tweakClass, cpw.mods.fml.common.launcher.FMLTweaker, --tweakClass, net.minecraftforge.gradle.tweakers.CoremodTweaker]
[18:55:25] [main/INFO] [LaunchWrapper]: Loading tweak class name cpw.mods.fml.common.launcher.FMLTweaker
[18:55:25] [main/INFO] [LaunchWrapper]: Using primary tweak class name cpw.mods.fml.common.launcher.FMLTweaker
[18:55:25] [main/INFO] [LaunchWrapper]: Loading tweak class name net.minecraftforge.gradle.tweakers.CoremodTweaker
[18:55:25] [main/INFO] [LaunchWrapper]: Calling tweak class cpw.mods.fml.common.launcher.FMLTweaker
[19:02:45] [main/INFO] [GradleStart]: Extra: []
[19:02:45] [main/INFO] [GradleStart]: Setting up virtual assets in: C:\Users\Mitchell\.gradle\caches\minecraft\assets\virtual\legacy
[19:02:46] [main/INFO] [GradleStart]: Running with arguments: [--userProperties, {}, --accessToken, {REDACTED}, --assetIndex, legacy, --assetsDir, C:\Users\Mitchell\.gradle\caches\minecraft\assets\virtual\legacy, --version, 1.7.2, --tweakClass, cpw.mods.fml.common.launcher.FMLTweaker, --tweakClass, net.minecraftforge.gradle.tweakers.CoremodTweaker]
[19:02:46] [main/INFO] [LaunchWrapper]: Loading tweak class name cpw.mods.fml.common.launcher.FMLTweaker
[19:02:46] [main/INFO] [LaunchWrapper]: Using primary tweak class name cpw.mods.fml.common.launcher.FMLTweaker
[19:02:46] [main/INFO] [LaunchWrapper]: Loading tweak class name net.minecraftforge.gradle.tweakers.CoremodTweaker
[19:02:46] [main/INFO] [LaunchWrapper]: Calling tweak class cpw.mods.fml.common.launcher.FMLTweaker
